<?xml version="1.0" encoding="utf-8"?><testsuites name="pytest tests"><testsuite name="pytest" errors="0" failures="0" skipped="0" tests="12" time="2.572" timestamp="2026-07-16T16:45:25.754104+00:00" hostname="agent-env-959ca733-680e-4df1-a975-79ba612622cf"><testcase classname="tests.test_iteration16" name="test_rep_profile_owner_shape" time="0.643" /><testcase classname="tests.test_iteration16" name="test_rep_profile_forbidden_for_rep" time="0.418" /><testcase classname="tests.test_iteration16" name="test_inventory_detail_admin" time="0.106" /><testcase classname="tests.test_iteration16" name="test_inventory_detail_rep_view_filters_offers" time="0.098" /><testcase classname="tests.test_iteration16" name="test_inventory_detail_reserved_has_active_status" time="0.116" /><testcase classname="tests.test_iteration16" name="test_inventory_availability_13_buckets" time="0.049" /><testcase classname="tests.test_iteration16" name="test_availability_reflects_reservation" time="0.050" /><testcase classname="tests.test_iteration16" name="test_campaign_overlap_returns_409" time="0.110" /><testcase classname="tests.test_iteration16" name="test_campaign_non_overlapping_window_succeeds" time="0.166" /><testcase classname="tests.test_iteration16" name="test_countries_owner" time="0.047" /><testcase classname="tests.test_iteration16" name="test_countries_rep" time="0.051" /><testcase classname="tests.test_iteration16" name="test_countries_unauth" time="0.129" /></testsuite></testsuites>