<?xml version="1.0" encoding="utf-8"?><testsuites name="pytest tests"><testsuite name="pytest" errors="0" failures="1" skipped="0" tests="20" time="7.095" timestamp="2026-07-14T11:10:26.924135+00:00" hostname="agent-env-959ca733-680e-4df1-a975-79ba612622cf"><testcase classname="tests.test_iteration5.TestSchedulerReminders" name="test_seed_5_campaigns_various_end_dates" time="1.200" /><testcase classname="tests.test_iteration5.TestSeverityTaxonomy" name="test_proposal_events_severity" time="1.746"><failure message="AssertionError: proposal.submitted=info&#10;assert 'info' == 'action_required'&#10;  &#10;  - action_required&#10;  + info">backend/tests/test_iteration5.py:299: in test_proposal_events_severity
    assert n["severity"] == "action_required", f"proposal.submitted={n['severity']}"
E   AssertionError: proposal.submitted=info
E   assert 'info' == 'action_required'
E     
E     - action_required
E     + info</failure></testcase><testcase classname="tests.test_iteration5.TestSchedulerReminders" name="test_trigger_scheduler_and_verify_notifications" time="2.075" /><testcase classname="tests.test_iteration5.TestSeverityTaxonomy" name="test_campaign_created_severity_info" time="0.603" /><testcase classname="tests.test_iteration5.TestSeverityTaxonomy" name="test_rep_admin_action_severities" time="1.631" /><testcase classname="tests.test_iteration5.TestSchedulerReminders" name="test_scheduler_idempotent" time="1.279" /><testcase classname="tests.test_iteration5.TestSeverityTaxonomy" name="test_tv_project_severities" time="2.236" /><testcase classname="tests.test_iteration5.TestSchedulerReminders" name="test_cleanup" time="0.001" /><testcase classname="tests.test_iteration5.TestArchive" name="test_archive_and_visibility" time="0.191" /><testcase classname="tests.test_iteration5.TestArchive" name="test_archive_foreign_404" time="0.051" /><testcase classname="tests.test_iteration5.TestArchive" name="test_unread_count_excludes_archived" time="0.191" /><testcase classname="tests.test_iteration5.TestActionable" name="test_actionable_returns_only_reminder_and_action" time="0.050" /><testcase classname="tests.test_iteration5.TestActionable" name="test_actionable_limit" time="0.049" /><testcase classname="tests.test_iteration5.TestSeverityFilter" name="test_filter_reminder" time="0.047" /><testcase classname="tests.test_iteration5.TestSeverityFilter" name="test_filter_info" time="0.051" /><testcase classname="tests.test_iteration5.TestReminderConfig" name="test_reminder_days_from_env" time="0.002" /><testcase classname="tests.test_iteration5.TestUnreadCountBySeverity" name="test_shape" time="0.049" /><testcase classname="tests.test_iteration5.TestCampaignFlightDates" name="test_create_with_dates" time="0.050" /><testcase classname="tests.test_iteration5.TestCampaignFlightDates" name="test_invalid_range_400" time="0.043" /><testcase classname="tests.test_iteration5.TestCampaignFlightDates" name="test_list_includes_computed" time="0.049" /></testsuite></testsuites>