<?xml version="1.0" encoding="utf-8"?><testsuites name="pytest tests"><testsuite name="pytest" errors="0" failures="0" skipped="0" tests="5" time="3.142" timestamp="2026-07-16T17:16:11.087116+00:00" hostname="agent-env-959ca733-680e-4df1-a975-79ba612622cf"><testcase classname="tests.test_iteration18" name="test_list_reps_enriched_with_aggregates" time="0.513" /><testcase classname="tests.test_iteration18" name="test_create_rep_persists_optional_fields" time="0.410" /><testcase classname="tests.test_iteration18" name="test_profile_includes_notifications_and_timeline_actor" time="0.125" /><testcase classname="tests.test_iteration18" name="test_patch_rep_updates_phone" time="0.119" /><testcase classname="tests.test_iteration18" name="test_login_updates_last_login_at" time="1.429" /></testsuite></testsuites>