<?xml version="1.0" encoding="utf-8"?><testsuites name="pytest tests"><testsuite name="pytest" errors="0" failures="0" skipped="0" tests="12" time="4.245" timestamp="2026-07-15T05:24:02.886959+00:00" hostname="agent-env-959ca733-680e-4df1-a975-79ba612622cf"><testcase classname="tests.test_iteration8.TestBannerPDF" name="test_owning_rep_can_download_approved" time="1.378" /><testcase classname="tests.test_iteration8.TestSponsorshipPDF" name="test_owning_rep_approved_pdf" time="1.755" /><testcase classname="tests.test_iteration8.TestSponsorshipPDF" name="test_pending_400" time="0.177" /><testcase classname="tests.test_iteration8.TestBannerPDF" name="test_non_owner_rep_403" time="0.719" /><testcase classname="tests.test_iteration8.TestSponsorshipPDF" name="test_admin_download" time="0.296" /><testcase classname="tests.test_iteration8.TestBannerPDF" name="test_non_approved_400" time="0.178" /><testcase classname="tests.test_iteration8.TestBannerPDF" name="test_admin_can_download" time="0.432" /><testcase classname="tests.test_iteration8.TestSponsorshipPDF" name="test_non_owner_403" time="0.627" /><testcase classname="tests.test_iteration8.TestBannerPDF" name="test_not_found_404" time="0.062" /><testcase classname="tests.test_iteration8.TestSponsorshipDuplicateEpisodeOverride" name="test_duplicate_with_episode_override" time="0.234" /><testcase classname="tests.test_iteration8.TestSponsorshipDuplicateEpisodeOverride" name="test_duplicate_conflict_with_other_rep_approved" time="0.418" /><testcase classname="tests.test_iteration8.TestSponsorshipDuplicateEpisodeOverride" name="test_duplicate_empty_episodes" time="0.232" /></testsuite></testsuites>