<?xml version="1.0" encoding="utf-8"?><testsuites name="pytest tests"><testsuite name="pytest" errors="0" failures="0" skipped="0" tests="14" time="4.415" timestamp="2026-07-18T15:03:36.051475+00:00" hostname="agent-env-959ca733-680e-4df1-a975-79ba612622cf"><testcase classname="tests.test_project_editor_unified.TestLegacyRemoved" name="test_legacy_gone[/api/campaigns]" time="0.965" /><testcase classname="tests.test_project_editor_unified.TestRepProjectLifecycle" name="test_full_flow_and_permissions" time="3.049" /><testcase classname="tests.test_project_editor_unified.TestLegacyRemoved" name="test_legacy_gone[/api/sponsorships]" time="0.108" /><testcase classname="tests.test_project_editor_unified.TestLegacyRemoved" name="test_legacy_gone[/api/inventory]" time="0.095" /><testcase classname="tests.test_project_editor_unified.TestListingVisibility" name="test_rep_sees_only_published_approved_active" time="0.461" /><testcase classname="tests.test_project_editor_unified.TestListingVisibility" name="test_admin_source_filter_partner" time="0.121" /><testcase classname="tests.test_project_editor_unified.TestAssets" name="test_add_and_remove_asset" time="0.670" /><testcase classname="tests.test_project_editor_unified.TestLegacyProposalAdapters" name="test_create_legacy_creates_unified" time="0.779" /><testcase classname="tests.test_project_editor_unified.TestRepProjectLifecycle" name="test_admin_creates_official_project" time="0.207" /><testcase classname="tests.test_project_editor_unified.TestMigration" name="test_no_separate_proposals_collection" time="0.104" /><testcase classname="tests.test_project_editor_unified.TestRepProjectLifecycle" name="test_rejected_decision" time="0.428" /><testcase classname="tests.test_project_editor_unified.TestReports" name="test_reports_overview_shape" time="0.128" /><testcase classname="tests.test_project_editor_unified.TestPermissionMatrix" name="test_admin_can_always_edit" time="0.428" /><testcase classname="tests.test_project_editor_unified.TestRepProfile" name="test_profile_has_partner_submissions" time="0.213" /></testsuite></testsuites>