<?xml version="1.0" encoding="utf-8"?><testsuites name="pytest tests"><testsuite name="pytest" errors="0" failures="0" skipped="0" tests="11" time="3.211" timestamp="2026-07-14T12:16:42.298674+00:00" hostname="agent-env-959ca733-680e-4df1-a975-79ba612622cf"><testcase classname="tests.test_iteration7.TestCSVExport" name="test_admin_csv_export" time="0.885" /><testcase classname="tests.test_iteration7.TestBannerDuplicate" name="test_duplicate_after_revision_request" time="1.503" /><testcase classname="tests.test_iteration7.TestCSVExport" name="test_non_admin_forbidden" time="0.394" /><testcase classname="tests.test_iteration7.TestCSVExport" name="test_csv_no_month_filter" time="0.051" /><testcase classname="tests.test_iteration7.TestBannerSplitNotes" name="test_decision_with_split_notes" time="0.263" /><testcase classname="tests.test_iteration7.TestBannerDuplicate" name="test_rep_cannot_duplicate_others_proposal" time="0.472" /><testcase classname="tests.test_iteration7.TestTVSplitNotes" name="test_decision_with_split_notes" time="0.524" /><testcase classname="tests.test_iteration7.TestRepPrivacy" name="test_no_internal_notes_in_lists" time="0.281" /><testcase classname="tests.test_iteration7.TestTVDuplicate" name="test_duplicate_inherits_episodes" time="0.264" /><testcase classname="tests.test_iteration7.TestRepPrivacy" name="test_no_internal_notes_in_sponsorship_lists" time="0.048" /><testcase classname="tests.test_iteration7.TestArchive" name="test_manual_archive_and_unarchive" time="0.318" /></testsuite></testsuites>