<?xml version="1.0" encoding="utf-8"?><testsuites name="pytest tests"><testsuite name="pytest" errors="0" failures="0" skipped="0" tests="9" time="1.776" timestamp="2026-07-21T07:57:14.978291+00:00" hostname="agent-env-959ca733-680e-4df1-a975-79ba612622cf"><testcase classname="tests.test_health_and_regression" name="test_health_local[/api/health]" time="0.006" /><testcase classname="tests.test_health_and_regression" name="test_health_local[/health]" time="0.002" /><testcase classname="tests.test_health_and_regression" name="test_health_local[/healthz]" time="0.002" /><testcase classname="tests.test_health_and_regression" name="test_health_public_ingress" time="0.208" /><testcase classname="tests.test_health_and_regression" name="test_health_no_auth_required" time="0.120" /><testcase classname="tests.test_health_and_regression" name="test_owner_login" time="0.368" /><testcase classname="tests.test_health_and_regression" name="test_rep_login" time="0.324" /><testcase classname="tests.test_health_and_regression" name="test_tv_projects_list" time="0.108" /><testcase classname="tests.test_health_and_regression" name="test_admin_system_health" time="0.128" /></testsuite></testsuites>