<?xml version="1.0" encoding="utf-8"?><testsuites name="pytest tests"><testsuite name="pytest" errors="0" failures="0" skipped="0" tests="82" time="23.569" timestamp="2026-07-14T11:11:00.746061+00:00" hostname="agent-env-959ca733-680e-4df1-a975-79ba612622cf"><testcase classname="tests.backend_test.TestOwnerAdmins" name="test_list_admins" time="0.609" /><testcase classname="tests.backend_test.TestReps" name="test_list_reps" time="0.663" /><testcase classname="tests.backend_test.TestOwnerAdmins" name="test_rep_forbidden" time="0.552" /><testcase classname="tests.backend_test.TestReps" name="test_rep_forbidden_admin_ep" time="0.766" /><testcase classname="tests.backend_test.TestOwnerAdmins" name="test_create_admin" time="0.821" /><testcase classname="tests.backend_test.TestReps" name="test_create_rep" time="0.554" /><testcase classname="tests.backend_test.TestOwnerAdmins" name="test_admin_cannot_create_admin" time="0.097" /><testcase classname="tests.backend_test.TestReps" name="test_suspend_rep" time="0.059" /><testcase classname="tests.backend_test.TestReps" name="test_reset_pw" time="0.673" /><testcase classname="tests.backend_test.TestOwnerAdmins" name="test_admin_cannot_delete" time="0.256" /><testcase classname="tests.backend_test.TestOwnerAdmins" name="test_cannot_delete_owner" time="0.044" /><testcase classname="tests.backend_test.TestOwnerAdmins" name="test_delete_admin" time="0.045" /><testcase classname="tests.backend_test.TestAuth" name="test_login_wrong_pw" time="0.481" /><testcase classname="tests.backend_test.TestReps" name="test_cleanup" time="0.193" /><testcase classname="tests.backend_test.TestAuth" name="test_login_admin" time="0.000" /><testcase classname="tests.backend_test.TestAuth" name="test_login_rep" time="0.001" /><testcase classname="tests.backend_test.TestTVStatus" name="test_set_draft" time="0.118" /><testcase classname="tests.backend_test.TestAuth" name="test_me" time="0.044" /><testcase classname="tests.backend_test.TestAuth" name="test_me_no_auth" time="0.104" /><testcase classname="tests.backend_test.TestTVStatus" name="test_draft_filter" time="0.094" /><testcase classname="tests.test_notifications.TestNotifBasicEndpoints" name="test_list_requires_auth" time="0.164" /><testcase classname="tests.backend_test.TestTVStatus" name="test_rep_hides_non_active" time="0.047" /><testcase classname="tests.backend_test.TestTVStatus" name="test_set_closed" time="0.052" /><testcase classname="tests.backend_test.TestTVStatus" name="test_invalid_status" time="0.050" /><testcase classname="tests.backend_test.TestTVStatus" name="test_restore_active" time="0.273" /><testcase classname="tests.test_notifications.TestNotifBasicEndpoints" name="test_unread_count" time="0.405" /><testcase classname="tests.backend_test.TestAuditLog" name="test_owner_can_view" time="0.514" /><testcase classname="tests.test_notifications.TestNotifBasicEndpoints" name="test_list_sorted_desc" time="0.045" /><testcase classname="tests.test_notifications.TestNotifBasicEndpoints" name="test_mark_read_404_when_not_owned" time="0.044" /><testcase classname="tests.test_notifications.TestNotifBasicEndpoints" name="test_unread_only_filter" time="0.955" /><testcase classname="tests.backend_test.TestAuditLog" name="test_rep_forbidden" time="0.045" /><testcase classname="tests.backend_test.TestAuditLog" name="test_filter_entity_type" time="0.050" /><testcase classname="tests.backend_test.TestAuditLog" name="test_filter_actor_role" time="0.052" /><testcase classname="tests.test_iteration5.TestSeverityTaxonomy" name="test_proposal_events_severity" time="3.420" /><testcase classname="tests.test_iteration5.TestSchedulerReminders" name="test_seed_5_campaigns_various_end_dates" time="0.754" /><testcase classname="tests.test_iteration5.TestSchedulerReminders" name="test_trigger_scheduler_and_verify_notifications" time="1.795" /><testcase classname="tests.test_iteration5.TestSchedulerReminders" name="test_scheduler_idempotent" time="1.317" /><testcase classname="tests.test_iteration5.TestSeverityTaxonomy" name="test_campaign_created_severity_info" time="0.590" /><testcase classname="tests.test_iteration5.TestSeverityTaxonomy" name="test_rep_admin_action_severities" time="2.118" /><testcase classname="tests.test_iteration5.TestSchedulerReminders" name="test_cleanup" time="0.001" /><testcase classname="tests.test_notifications.TestRepAdminActionNotifications" name="test_setup_temp_rep" time="0.827" /><testcase classname="tests.test_notifications.TestRepAdminActionNotifications" name="test_suspend_and_reactivate_notify" time="1.683" /><testcase classname="tests.test_iteration5.TestSeverityTaxonomy" name="test_tv_project_severities" time="2.366" /><testcase classname="tests.test_notifications.TestRepAdminActionNotifications" name="test_no_notify_on_noop" time="0.881" /><testcase classname="tests.test_notifications.TestRepAdminActionNotifications" name="test_cleanup" time="0.041" /><testcase classname="tests.test_iteration5.TestArchive" name="test_archive_and_visibility" time="0.514" /><testcase classname="tests.test_iteration5.TestArchive" name="test_archive_foreign_404" time="0.042" /><testcase classname="tests.test_iteration5.TestArchive" name="test_unread_count_excludes_archived" time="0.248" /><testcase classname="tests.test_iteration5.TestCampaignFlightDates" name="test_create_with_dates" time="0.045" /><testcase classname="tests.test_iteration5.TestCampaignFlightDates" name="test_invalid_range_400" time="0.085" /><testcase classname="tests.test_iteration5.TestCampaignFlightDates" name="test_list_includes_computed" time="0.265" /><testcase classname="tests.test_notifications.TestTVProjectNotifications" name="test_create_active_notifies_reps" time="1.547" /><testcase classname="tests.backend_test.TestInventory" name="test_list" time="0.581" /><testcase classname="tests.backend_test.TestInventory" name="test_update_price" time="0.130" /><testcase classname="tests.backend_test.TestTV" name="test_list" time="0.365" /><testcase classname="tests.backend_test.TestTV" name="test_admin_update" time="0.091" /><testcase classname="tests.backend_test.TestCampaigns" name="test_rep_creates_campaign" time="0.050" /><testcase classname="tests.backend_test.TestCampaigns" name="test_admin_cannot_create_campaign" time="0.049" /><testcase classname="tests.test_notifications.TestTVProjectNotifications" name="test_status_toggle_notifications" time="2.578" /><testcase classname="tests.backend_test.TestProposals" name="test_rep_submits" time="0.049" /><testcase classname="tests.backend_test.TestProposals" name="test_admin_decide" time="0.047" /><testcase classname="tests.backend_test.TestPerCountry" name="test_campaign_with_overrides" time="0.096" /><testcase classname="tests.backend_test.TestPerCountry" name="test_campaign_with_overrides_full" time="0.094" /><testcase classname="tests.test_iteration5.TestActionable" name="test_actionable_returns_only_reminder_and_action" time="0.362" /><testcase classname="tests.test_iteration5.TestActionable" name="test_actionable_limit" time="0.044" /><testcase classname="tests.test_iteration5.TestSeverityFilter" name="test_filter_reminder" time="0.360" /><testcase classname="tests.test_iteration5.TestSeverityFilter" name="test_filter_info" time="0.046" /><testcase classname="tests.test_notifications.TestProposalNotifications" name="test_submit_notifies_admin" time="1.481" /><testcase classname="tests.test_notifications.TestTVProjectNotifications" name="test_cleanup" time="0.043" /><testcase classname="tests.test_notifications.TestProposalNotifications" name="test_decide_notifies_rep_and_dedup" time="1.795" /><testcase classname="tests.backend_test.TestReports" name="test_admin_overview" time="0.416" /><testcase classname="tests.backend_test.TestReports" name="test_rep_overview_scoped" time="0.392" /><testcase classname="tests.backend_test.TestSponsorships" name="test_flow" time="0.209" /><testcase classname="tests.backend_test.TestCountries" name="test_list" time="0.041" /><testcase classname="tests.backend_test.TestPasswordReset" name="test_forgot_and_reset" time="4.788" /><testcase classname="tests.test_notifications.TestSponsorshipNotifications" name="test_create_sponsorship_notifies_admin" time="0.791" /><testcase classname="tests.test_notifications.TestSponsorshipNotifications" name="test_sponsorship_blocked_on_non_active" time="0.190" /><testcase classname="tests.test_iteration5.TestUnreadCountBySeverity" name="test_shape" time="0.367" /><testcase classname="tests.test_notifications.TestCampaignNotifications" name="test_create_campaign_notifies_admin" time="1.417" /><testcase classname="tests.test_notifications.TestMarkAll" name="test_mark_all" time="0.475" /><testcase classname="tests.backend_test.TestForgotUnknown" name="test_unknown_email" time="0.096" /><testcase classname="tests.test_iteration5.TestReminderConfig" name="test_reminder_days_from_env" time="0.000" /></testsuite></testsuites>