<?xml version="1.0" encoding="utf-8"?><testsuites name="pytest tests"><testsuite name="pytest" errors="0" failures="0" skipped="0" tests="6" time="5.196" timestamp="2026-07-15T05:39:28.838978+00:00" hostname="agent-env-959ca733-680e-4df1-a975-79ba612622cf"><testcase classname="tests.test_iteration9.TestSponsorshipApprovalEmail" name="test_sponsorship_approval_emits_email_audit" time="1.600" /><testcase classname="tests.test_iteration9.TestBannerApprovalEmail" name="test_approval_emits_email_audit_entry_and_is_fast" time="1.531" /><testcase classname="tests.test_iteration9.TestBannerApprovalEmail" name="test_rep_pdf_does_not_leak_internal_notes" time="0.287" /><testcase classname="tests.test_iteration9.TestSponsorshipApprovalEmail" name="test_sponsorship_non_approval_no_email" time="2.408" /><testcase classname="tests.test_iteration9.TestBannerApprovalEmail" name="test_non_approval_decisions_emit_no_email_audit" time="2.865" /><testcase classname="tests.test_iteration9.TestDuplicateApprovalEmail" name="test_revised_banner_approval_emits_new_audit_entry" time="0.394" /></testsuite></testsuites>