<?xml version="1.0" encoding="utf-8"?><testsuites name="pytest tests"><testsuite name="pytest" errors="0" failures="0" skipped="0" tests="7" time="1.898" timestamp="2026-07-18T12:37:57.759535+00:00" hostname="agent-env-959ca733-680e-4df1-a975-79ba612622cf"><testcase classname="tests.test_iteration19" name="test_apply_to_produce_first_and_duplicate" time="1.034" /><testcase classname="tests.test_iteration19" name="test_my_productions_contains_application" time="0.045" /><testcase classname="tests.test_iteration19" name="test_admin_list_applications" time="0.047" /><testcase classname="tests.test_iteration19" name="test_apply_to_inactive_project" time="0.141" /><testcase classname="tests.test_iteration19" name="test_regression_campaigns_endpoint" time="0.048" /><testcase classname="tests.test_iteration19" name="test_regression_banner_inventory_endpoint" time="0.048" /><testcase classname="tests.test_iteration19" name="test_tv_project_detail_has_expected_fields" time="0.042" /></testsuite></testsuites>