<?xml version="1.0" encoding="utf-8"?><testsuites name="pytest tests"><testsuite name="pytest" errors="0" failures="0" skipped="0" tests="16" time="3.551" timestamp="2026-07-18T13:08:55.148921+00:00" hostname="agent-env-959ca733-680e-4df1-a975-79ba612622cf"><testcase classname="tests.test_project_library.TestLegacyRemoved" name="test_legacy_gone[/api/campaigns]" time="0.658" /><testcase classname="tests.test_project_library.TestProjectLibrary" name="test_list_projects_admin_shape" time="0.761" /><testcase classname="tests.test_project_library.TestLegacyRemoved" name="test_legacy_gone[/api/sponsorships]" time="0.101" /><testcase classname="tests.test_project_library.TestLegacyRemoved" name="test_legacy_gone[/api/inventory]" time="0.090" /><testcase classname="tests.test_project_library.TestCategories" name="test_list_categories" time="0.260" /><testcase classname="tests.test_project_library.TestCategories" name="test_get_category_by_slug" time="0.100" /><testcase classname="tests.test_project_library.TestProjectLibrary" name="test_list_projects_rep_only_active" time="0.500" /><testcase classname="tests.test_project_library.TestDemoSeed" name="test_demo_seed_owner" time="0.121" /><testcase classname="tests.test_project_library.TestProjectLibrary" name="test_get_project_detail" time="0.412" /><testcase classname="tests.test_project_library.TestRepresentatives" name="test_list_has_application_stats_only" time="0.187" /><testcase classname="tests.test_project_library.TestDemoSeed" name="test_demo_seed_forbidden_for_rep" time="0.431" /><testcase classname="tests.test_project_library.TestApplyToProduce" name="test_apply_and_duplicate_and_decision" time="0.998" /><testcase classname="tests.test_project_library.TestRepresentatives" name="test_profile_shape" time="0.204" /><testcase classname="tests.test_project_library.TestReports" name="test_overview_has_no_banner_fields" time="0.126" /><testcase classname="tests.test_project_library.TestPartnerSubmissions" name="test_create_and_decide" time="0.202" /><testcase classname="tests.test_project_library.TestSystemHealth" name="test_health_counts" time="0.100" /></testsuite></testsuites>