<?xml version="1.0" encoding="utf-8"?><testsuites name="pytest tests"><testsuite name="pytest" errors="0" failures="0" skipped="0" tests="14" time="2.230" timestamp="2026-07-15T06:05:47.040224+00:00" hostname="agent-env-959ca733-680e-4df1-a975-79ba612622cf"><testcase classname="tests.test_iteration13_demo_seed.TestSeedEndpoint" name="test_owner_can_seed_and_summary_shape" time="0.678" /><testcase classname="tests.test_iteration13_demo_seed.TestSeedEndpoint" name="test_rep_cannot_seed" time="0.413" /><testcase classname="tests.test_iteration13_demo_seed.TestSeedEndpoint" name="test_unauth_cannot_seed" time="0.139" /><testcase classname="tests.test_iteration13_demo_seed.TestSeedEndpoint" name="test_idempotent_second_run" time="0.221" /><testcase classname="tests.test_iteration13_demo_seed.TestStatusCoverage" name="test_banner_all_six_statuses" time="0.066" /><testcase classname="tests.test_iteration13_demo_seed.TestStatusCoverage" name="test_sponsorship_all_six_statuses" time="0.060" /><testcase classname="tests.test_iteration13_demo_seed.TestReports" name="test_reports_overview" time="0.062" /><testcase classname="tests.test_iteration13_demo_seed.TestNotifications" name="test_admin_notifications" time="0.055" /><testcase classname="tests.test_iteration13_demo_seed.TestNotifications" name="test_rep_notifications" time="0.056" /><testcase classname="tests.test_iteration13_demo_seed.TestAuditLog" name="test_audit_size_and_banner_lifecycle" time="0.060" /><testcase classname="tests.test_iteration13_demo_seed.TestRepPrivacy" name="test_rep_campaigns_no_internal_notes" time="0.065" /><testcase classname="tests.test_iteration13_demo_seed.TestRepPrivacy" name="test_rep_sponsorships_no_internal_notes" time="0.057" /><testcase classname="tests.test_iteration13_demo_seed.TestLegacyRepInactive" name="test_amelia_inactive_via_admin_list" time="0.057" /><testcase classname="tests.test_iteration13_demo_seed.TestLegacyRepInactive" name="test_amelia_login_blocked" time="0.166" /></testsuite></testsuites>