<?xml version="1.0" encoding="utf-8"?><testsuites name="pytest tests"><testsuite name="pytest" errors="0" failures="0" skipped="0" tests="32" time="4.946" timestamp="2026-07-15T06:30:19.906524+00:00" hostname="agent-env-959ca733-680e-4df1-a975-79ba612622cf"><testcase classname="tests.test_countries" name="test_countries_owner_200" time="0.667" /><testcase classname="tests.test_countries" name="test_countries_rep_forbidden" time="0.427" /><testcase classname="tests.test_countries" name="test_countries_unauth" time="0.161" /><testcase classname="tests.test_qa_readiness" name="test_owner_page_endpoints[/admin/system/health]" time="0.474" /><testcase classname="tests.test_qa_readiness" name="test_owner_page_endpoints[/campaigns?include_archived=true]" time="0.070" /><testcase classname="tests.test_qa_readiness" name="test_owner_page_endpoints[/sponsorships?include_archived=true]" time="0.067" /><testcase classname="tests.test_qa_readiness" name="test_owner_page_endpoints[/reports/overview]" time="0.068" /><testcase classname="tests.test_qa_readiness" name="test_owner_page_endpoints[/admin/audit-log?limit=500]" time="0.070" /><testcase classname="tests.test_qa_readiness" name="test_owner_page_endpoints[/tv-projects]" time="0.097" /><testcase classname="tests.test_qa_readiness" name="test_owner_page_endpoints[/inventory]" time="0.074" /><testcase classname="tests.test_qa_readiness" name="test_owner_page_endpoints[/admin/representatives]" time="0.068" /><testcase classname="tests.test_qa_readiness" name="test_owner_page_endpoints[/notifications]" time="0.063" /><testcase classname="tests.test_qa_readiness" name="test_owner_page_endpoints[/proposals]" time="0.064" /><testcase classname="tests.test_qa_readiness" name="test_rep_page_endpoints[/campaigns?include_archived=true]" time="0.416" /><testcase classname="tests.test_qa_readiness" name="test_rep_page_endpoints[/sponsorships?include_archived=true]" time="0.061" /><testcase classname="tests.test_qa_readiness" name="test_rep_page_endpoints[/tv-projects]" time="0.066" /><testcase classname="tests.test_qa_readiness" name="test_rep_page_endpoints[/inventory]" time="0.062" /><testcase classname="tests.test_qa_readiness" name="test_rep_page_endpoints[/reports/overview]" time="0.061" /><testcase classname="tests.test_qa_readiness" name="test_rep_page_endpoints[/notifications]" time="0.058" /><testcase classname="tests.test_qa_readiness" name="test_rep_tv_project_detail" time="0.119" /><testcase classname="tests.test_qa_readiness" name="test_rep_cannot_seed" time="0.058" /><testcase classname="tests.test_qa_readiness" name="test_rep_cannot_access_admin_audit" time="0.056" /><testcase classname="tests.test_qa_readiness" name="test_rep_cannot_access_admin_representatives" time="0.055" /><testcase classname="tests.test_qa_readiness" name="test_rep_campaigns_no_internal_notes" time="0.063" /><testcase classname="tests.test_qa_readiness" name="test_rep_sponsorships_no_internal_notes" time="0.059" /><testcase classname="tests.test_qa_readiness" name="test_no_stray_status_labels_owner" time="0.128" /><testcase classname="tests.test_qa_readiness" name="test_approve_pending_banner_records_and_privacy" time="0.770" /><testcase classname="tests.test_qa_readiness" name="test_rep_duplicate_revision_requested_banner" time="0.119" /><testcase classname="tests.test_qa_readiness" name="test_perf_under_3s[/campaigns?include_archived=true]" time="0.069" /><testcase classname="tests.test_qa_readiness" name="test_perf_under_3s[/reports/overview]" time="0.069" /><testcase classname="tests.test_qa_readiness" name="test_perf_under_3s[/admin/audit-log?limit=200]" time="0.148" /><testcase classname="tests.test_qa_readiness" name="test_reports_csv_export" time="0.069" /></testsuite></testsuites>