<?xml version="1.0" encoding="utf-8"?><testsuites name="pytest tests"><testsuite name="pytest" errors="0" failures="0" skipped="0" tests="14" time="3.726" timestamp="2026-07-14T11:40:43.937242+00:00" hostname="agent-env-959ca733-680e-4df1-a975-79ba612622cf"><testcase classname="tests.test_iteration6.TestSponsorshipProposal" name="test_no_price_field_on_tv_project" time="0.930" /><testcase classname="tests.test_iteration6.TestBannerProposal" name="test_submit_and_approve_flow" time="1.526" /><testcase classname="tests.test_iteration6.TestSponsorshipProposal" name="test_submit_and_approve" time="0.621" /><testcase classname="tests.test_iteration6.TestBannerProposal" name="test_unknown_inventory_id_400" time="0.106" /><testcase classname="tests.test_iteration6.TestBannerProposal" name="test_zero_offer_400" time="0.272" /><testcase classname="tests.test_iteration6.TestBannerProposal" name="test_bad_date_range_400" time="0.095" /><testcase classname="tests.test_iteration6.TestSponsorshipProposal" name="test_pending_can_compete_but_approved_blocks" time="1.105" /><testcase classname="tests.test_iteration6.TestBannerProposal" name="test_revision_requested_flow" time="0.186" /><testcase classname="tests.test_iteration6.TestBannerProposal" name="test_rep_isolation" time="0.545" /><testcase classname="tests.test_iteration6.TestSponsorshipProposal" name="test_zero_offer_400" time="0.118" /><testcase classname="tests.test_iteration6.TestReportsOverview" name="test_admin_shape" time="0.099" /><testcase classname="tests.test_iteration6.TestSponsorshipProposal" name="test_rep_isolation_sponsorships" time="0.283" /><testcase classname="tests.test_iteration6.TestReportsOverview" name="test_rep_shape" time="0.102" /><testcase classname="tests.test_iteration6.TestInventoryCatalog" name="test_inventory_shape" time="0.102" /></testsuite></testsuites>