<?xml version="1.0" encoding="utf-8"?><testsuites name="pytest tests"><testsuite name="pytest" errors="0" failures="0" skipped="0" tests="7" time="3.028" timestamp="2026-07-20T18:19:59.137834+00:00" hostname="agent-env-959ca733-680e-4df1-a975-79ba612622cf"><testcase classname="tests.test_iter25_regression" name="test_owner_login" time="0.643" /><testcase classname="tests.test_iter25_regression" name="test_rep_login" time="0.431" /><testcase classname="tests.test_iter25_regression" name="test_tv_projects_rep" time="0.495" /><testcase classname="tests.test_iter25_regression" name="test_tv_projects_owner" time="0.540" /><testcase classname="tests.test_iter25_regression" name="test_admin_system_health" time="0.123" /><testcase classname="tests.test_iter25_regression" name="test_reports_overview" time="0.140" /><testcase classname="tests.test_iter25_regression" name="test_create_project_draft" time="0.148" /></testsuite></testsuites>