<?xml version="1.0" encoding="utf-8"?><testsuites name="pytest tests"><testsuite name="pytest" errors="0" failures="0" skipped="0" tests="44" time="9.263" timestamp="2026-07-14T10:25:35.249130+00:00" hostname="agent-env-959ca733-680e-4df1-a975-79ba612622cf"><testcase classname="tests.backend_test.TestOwnerAdmins" name="test_list_admins" time="0.580" /><testcase classname="tests.backend_test.TestReps" name="test_list_reps" time="0.619" /><testcase classname="tests.backend_test.TestOwnerAdmins" name="test_rep_forbidden" time="0.554" /><testcase classname="tests.backend_test.TestReps" name="test_rep_forbidden_admin_ep" time="0.551" /><testcase classname="tests.backend_test.TestOwnerAdmins" name="test_create_admin" time="0.760" /><testcase classname="tests.backend_test.TestReps" name="test_create_rep" time="0.724" /><testcase classname="tests.backend_test.TestReps" name="test_suspend_rep" time="0.047" /><testcase classname="tests.backend_test.TestOwnerAdmins" name="test_admin_cannot_create_admin" time="0.334" /><testcase classname="tests.backend_test.TestReps" name="test_reset_pw" time="0.602" /><testcase classname="tests.backend_test.TestOwnerAdmins" name="test_admin_cannot_delete" time="0.315" /><testcase classname="tests.backend_test.TestReps" name="test_cleanup" time="0.043" /><testcase classname="tests.backend_test.TestOwnerAdmins" name="test_cannot_delete_owner" time="0.045" /><testcase classname="tests.backend_test.TestTVStatus" name="test_set_draft" time="0.093" /><testcase classname="tests.backend_test.TestOwnerAdmins" name="test_delete_admin" time="0.044" /><testcase classname="tests.backend_test.TestAuth" name="test_login_wrong_pw" time="0.363" /><testcase classname="tests.backend_test.TestTVStatus" name="test_draft_filter" time="0.048" /><testcase classname="tests.backend_test.TestTVStatus" name="test_rep_hides_non_active" time="0.229" /><testcase classname="tests.backend_test.TestTVStatus" name="test_set_closed" time="0.089" /><testcase classname="tests.backend_test.TestAuth" name="test_login_admin" time="0.000" /><testcase classname="tests.backend_test.TestAuth" name="test_login_rep" time="0.000" /><testcase classname="tests.backend_test.TestAuth" name="test_me" time="0.045" /><testcase classname="tests.backend_test.TestAuth" name="test_me_no_auth" time="0.102" /><testcase classname="tests.backend_test.TestTVStatus" name="test_invalid_status" time="0.043" /><testcase classname="tests.backend_test.TestTVStatus" name="test_restore_active" time="0.044" /><testcase classname="tests.backend_test.TestInventory" name="test_list" time="0.046" /><testcase classname="tests.backend_test.TestAuditLog" name="test_owner_can_view" time="0.229" /><testcase classname="tests.backend_test.TestInventory" name="test_update_price" time="0.186" /><testcase classname="tests.backend_test.TestTV" name="test_list" time="0.079" /><testcase classname="tests.backend_test.TestAuditLog" name="test_rep_forbidden" time="0.045" /><testcase classname="tests.backend_test.TestAuditLog" name="test_filter_entity_type" time="0.045" /><testcase classname="tests.backend_test.TestTV" name="test_admin_update" time="0.093" /><testcase classname="tests.backend_test.TestAuditLog" name="test_filter_actor_role" time="0.045" /><testcase classname="tests.backend_test.TestProposals" name="test_rep_submits" time="0.088" /><testcase classname="tests.backend_test.TestCampaigns" name="test_rep_creates_campaign" time="0.043" /><testcase classname="tests.backend_test.TestCampaigns" name="test_admin_cannot_create_campaign" time="0.044" /><testcase classname="tests.backend_test.TestProposals" name="test_admin_decide" time="0.088" /><testcase classname="tests.backend_test.TestPerCountry" name="test_campaign_with_overrides" time="0.082" /><testcase classname="tests.backend_test.TestReports" name="test_admin_overview" time="0.048" /><testcase classname="tests.backend_test.TestPerCountry" name="test_campaign_with_overrides_full" time="0.124" /><testcase classname="tests.backend_test.TestReports" name="test_rep_overview_scoped" time="0.049" /><testcase classname="tests.backend_test.TestCountries" name="test_list" time="0.046" /><testcase classname="tests.backend_test.TestSponsorships" name="test_flow" time="0.168" /><testcase classname="tests.backend_test.TestForgotUnknown" name="test_unknown_email" time="0.123" /><testcase classname="tests.backend_test.TestPasswordReset" name="test_forgot_and_reset" time="4.666" /></testsuite></testsuites>