<?xml version="1.0" encoding="utf-8"?><testsuites name="pytest tests"><testsuite name="pytest" errors="0" failures="0" skipped="0" tests="23" time="3.349" timestamp="2026-07-14T09:40:13.575918+00:00" hostname="agent-env-959ca733-680e-4df1-a975-79ba612622cf"><testcase classname="tests.backend_test.TestAuth" name="test_login_wrong_pw" time="0.588" /><testcase classname="tests.backend_test.TestReps" name="test_list_reps" time="0.590" /><testcase classname="tests.backend_test.TestAuth" name="test_login_admin" time="0.320" /><testcase classname="tests.backend_test.TestReps" name="test_rep_forbidden_admin_ep" time="0.800" /><testcase classname="tests.backend_test.TestAuth" name="test_login_rep" time="0.481" /><testcase classname="tests.backend_test.TestAuth" name="test_me" time="0.041" /><testcase classname="tests.backend_test.TestReps" name="test_create_rep" time="0.341" /><testcase classname="tests.backend_test.TestAuth" name="test_me_no_auth" time="0.261" /><testcase classname="tests.backend_test.TestInventory" name="test_list" time="0.044" /><testcase classname="tests.backend_test.TestReps" name="test_suspend_rep" time="0.045" /><testcase classname="tests.backend_test.TestInventory" name="test_update_price" time="0.357" /><testcase classname="tests.backend_test.TestReps" name="test_reset_pw" time="0.584" /><testcase classname="tests.backend_test.TestTV" name="test_list" time="0.269" /><testcase classname="tests.backend_test.TestReps" name="test_cleanup" time="0.086" /><testcase classname="tests.backend_test.TestTV" name="test_admin_update" time="0.134" /><testcase classname="tests.backend_test.TestCampaigns" name="test_rep_creates_campaign" time="0.044" /><testcase classname="tests.backend_test.TestCampaigns" name="test_admin_cannot_create_campaign" time="0.085" /><testcase classname="tests.backend_test.TestProposals" name="test_rep_submits" time="0.044" /><testcase classname="tests.backend_test.TestProposals" name="test_admin_decide" time="0.047" /><testcase classname="tests.backend_test.TestReports" name="test_admin_overview" time="0.088" /><testcase classname="tests.backend_test.TestSponsorships" name="test_flow" time="0.169" /><testcase classname="tests.backend_test.TestReports" name="test_rep_overview_scoped" time="0.048" /><testcase classname="tests.backend_test.TestCountries" name="test_list" time="0.044" /></testsuite></testsuites>